17/09/25 08:18:12 WARN NettyRpcEndpointRef: Error sending message [message = Heartbeat(driver,[Lscala.Tuple2;@24d4bc98,BlockManagerId(driver, 127.0.0.1, 60075, None))] in 1 attempts
org.apache.spark.rpc.RpcTimeoutException: Futures timed out after [10 seconds]. This timeout is controlled by spark.executor.heartbeatInterval
	at org.apache.spark.rpc.RpcTimeout.org$apache$spark$rpc$RpcTimeout$$createRpcTimeoutException(RpcTimeout.scala:48)
	at org.apache.spark.rpc.RpcTimeout$$anonfun$addMessageIfTimeout$1.applyOrElse(RpcTimeout.scala:63)
	at org.apache.spark.rpc.RpcTimeout$$anonfun$addMessageIfTimeout$1.applyOrElse(RpcTimeout.scala:59)
	at scala.PartialFunction$OrElse.apply(PartialFunction.scala:167)
	at org.apache.spark.rpc.RpcTimeout.awaitResult(RpcTimeout.scala:83)
	at org.apache.spark.rpc.RpcEndpointRef.askWithRetry(RpcEndpointRef.scala:102)
	at org.apache.spark.executor.Executor.org$apache$spark$executor$Executor$$reportHeartBeat(Executor.scala:538)
	at org.apache.spark.executor.Executor$$anon$1$$anonfun$run$1.apply$mcV$sp(Executor.scala:567)
	at org.apache.spark.executor.Executor$$anon$1$$anonfun$run$1.apply(Executor.scala:567)
	at org.apache.spark.executor.Executor$$anon$1$$anonfun$run$1.apply(Executor.scala:567)
	at org.apache.spark.util.Utils$.logUncaughtExceptions(Utils.scala:1951)
	at org.apache.spark.executor.Executor$$anon$1.run(Executor.scala:567)
	at java.util.concurrent.Executors$RunnableAdapter.call(Unknown Source)
	at java.util.concurrent.FutureTask.runAndReset(Unknown Source)
	at java.util.concurrent.ScheduledThreadPoolExecutor$ScheduledFutureTask.access$301(Unknown Source)
	at java.util.concurrent.ScheduledThreadPoolExecutor$ScheduledFutureTask.run(Unknown Source)
	at java.util.concurrent.ThreadPoolExecutor.runWorker(Unknown Source)
	at java.util.concurrent.ThreadPoolExecutor$Worker.run(Unknown Source)
	at java.lang.Thread.run(Unknown Source)
Caused by: java.util.concurrent.TimeoutException: Futures timed out after [10 seconds]
	at scala.concurrent.impl.Promise$DefaultPromise.ready(Promise.scala:219)
	at scala.concurrent.impl.Promise$DefaultPromise.result(Promise.scala:223)
	at scala.concurrent.Await$$anonfun$result$1.apply(package.scala:190)
	at scala.concurrent.BlockContext$DefaultBlockContext$.blockOn(BlockContext.scala:53)
	at scala.concurrent.Await$.result(package.scala:190)
	at org.apache.spark.rpc.RpcTimeout.awaitResult(RpcTimeout.scala:81)
	... 14 more
17/09/25 08:18:12 WARN NettyRpcEnv: Ignored message: HeartbeatResponse(false)
17/09/25 08:18:36 INFO SparkContext: Invoking stop() from shutdown hook
17/09/25 08:18:36 INFO SparkUI: Stopped Spark web UI at http://127.0.0.1:4040
17/09/25 08:18:36 INFO MapOutputTrackerMasterEndpoint: MapOutputTrackerMasterEndpoint stopped!
17/09/25 08:18:36 INFO MemoryStore: MemoryStore cleared
17/09/25 08:18:36 INFO BlockManager: BlockManager stopped
17/09/25 08:18:36 INFO BlockManagerMaster: BlockManagerMaster stopped
17/09/25 08:18:36 INFO OutputCommitCoordinator$OutputCommitCoordinatorEndpoint: OutputCommitCoordinator stopped!
17/09/25 08:18:36 INFO SparkContext: Successfully stopped SparkContext
17/09/25 08:18:36 INFO ShutdownHookManager: Shutdown hook called
17/09/25 08:18:36 INFO ShutdownHookManager: Deleting directory C:\Users\krispra\AppData\Local\Temp\spark-a7376c27-eea8-4047-a34e-48adaa2ff4ab
